Demo/app/build/outputs/logs/manifest-merger-debug-report.txt
-- Merging decision tree log ---
manifest
ADDED from src\main\AndroidManifest.xml:2:1-65:12
	package
		ADDED from src\main\AndroidManifest.xml:3:2-28
		INJECTED from src\main\AndroidManifest.xml
		INJECTED from src\main\AndroidManifest.xml
	android:versionName
		ADDED from src\main\AndroidManifest.xml:5:2-29
		INJECTED from src\main\AndroidManifest.xml
		INJECTED from src\main\AndroidManifest.xml
	android:versionCode
		ADDED from src\main\AndroidManifest.xml:4:2-25
		INJECTED from src\main\AndroidManifest.xml
		INJECTED from src\main\AndroidManifest.xml
	xmlns:android
		ADDED from src\main\AndroidManifest.xml:2:11-69
uses-permission#android.permission.INTERNET
ADDED from src\main\AndroidManifest.xml:7:2-64
	android:name
		ADDED from src\main\AndroidManifest.xml:7:19-61
uses-permission#android.permission.ACCESS_WIFI_STATE
ADDED from src\main\AndroidManifest.xml:8:2-73
	android:name
		ADDED from src\main\AndroidManifest.xml:8:19-70
uses-permission#android.permission.ACCESS_NETWORK_STATE
ADDED from src\main\AndroidManifest.xml:9:2-76
	android:name
		ADDED from src\main\AndroidManifest.xml:9:19-73
uses-permission#android.permission.CHANGE_WIFI_STATE
ADDED from src\main\AndroidManifest.xml:10:2-73
	android:name
		ADDED from src\main\AndroidManifest.xml:10:19-70
uses-permission#android.permission.READ_EXTERNAL_STORAGE
ADDED from src\main\AndroidManifest.xml:11:2-77
	android:name
		ADDED from src\main\AndroidManifest.xml:11:19-74
uses-permission#android.permission.WRITE_EXTERNAL_STORAGE
ADDED from src\main\AndroidManifest.xml:12:2-78
	android:name
		ADDED from src\main\AndroidManifest.xml:12:19-75
uses-permission#android.permission.READ_PHONE_STATE
ADDED from src\main\AndroidManifest.xml:13:2-72
	android:name
		ADDED from src\main\AndroidManifest.xml:13:19-69
uses-permission#android.permission.READ_CONTACTS
ADDED from src\main\AndroidManifest.xml:14:2-69
	android:name
		ADDED from src\main\AndroidManifest.xml:14:19-66
uses-permission#android.permission.RECEIVE_SMS
ADDED from src\main\AndroidManifest.xml:15:2-67
	android:name
		ADDED from src\main\AndroidManifest.xml:15:19-64
uses-permission#android.permission.READ_SMS
ADDED from src\main\AndroidManifest.xml:16:2-64
	android:name
		ADDED from src\main\AndroidManifest.xml:16:19-61
uses-permission#android.permission.ACCESS_FINE_LOCATION
ADDED from src\main\AndroidManifest.xml:17:2-76
	android:name
		ADDED from src\main\AndroidManifest.xml:17:19-73
uses-sdk
ADDED from src\main\AndroidManifest.xml:19:5-21:41
	android:targetSdkVersion
		ADDED from src\main\AndroidManifest.xml:21:9-38
		INJECTED from src\main\AndroidManifest.xml
		INJECTED from src\main\AndroidManifest.xml
	android:minSdkVersion
		ADDED from src\main\AndroidManifest.xml:20:9-35
		INJECTED from src\main\AndroidManifest.xml
		INJECTED from src\main\AndroidManifest.xml
supports-screens
ADDED from src\main\AndroidManifest.xml:23:5-29:40
	android:largeScreens
		ADDED from src\main\AndroidManifest.xml:25:9-36
	android:smallScreens
		ADDED from src\main\AndroidManifest.xml:28:9-36
	android:normalScreens
		ADDED from src\main\AndroidManifest.xml:26:9-37
	android:xlargeScreens
		ADDED from src\main\AndroidManifest.xml:29:9-37
	android:resizeable
		ADDED from src\main\AndroidManifest.xml:27:9-34
	android:anyDensity
		ADDED from src\main\AndroidManifest.xml:24:9-34
application
ADDED from src\main\AndroidManifest.xml:31:2-64:16
	android:label
		ADDED from src\main\AndroidManifest.xml:34:9-41
	android:icon
		ADDED from src\main\AndroidManifest.xml:32:3-39
	android:name
		ADDED from src\main\AndroidManifest.xml:33:3-40
activity#com.mob.cms.demo.MainActivity
ADDED from src\main\AndroidManifest.xml:35:3-44:14
	android:screenOrientation
		ADDED from src\main\AndroidManifest.xml:38:4-40
	android:windowSoftInputMode
		ADDED from src\main\AndroidManifest.xml:39:4-58
	android:configChanges
		ADDED from src\main\AndroidManifest.xml:37:4-65
	android:theme
		ADDED from src\main\AndroidManifest.xml:36:4-63
	android:name
		ADDED from src\main\AndroidManifest.xml:35:13-41
intent-filter#android.intent.action.MAIN+android.intent.category.LAUNCHER
ADDED from src\main\AndroidManifest.xml:40:4-43:20
action#android.intent.action.MAIN
ADDED from src\main\AndroidManifest.xml:41:5-56
	android:name
		ADDED from src\main\AndroidManifest.xml:41:13-54
category#android.intent.category.LAUNCHER
ADDED from src\main\AndroidManifest.xml:42:5-64
	android:name
		ADDED from src\main\AndroidManifest.xml:42:15-62
activity#com.mob.tools.MobUIShell
ADDED from src\main\AndroidManifest.xml:46:9-51:69
	android:screenOrientation
		ADDED from src\main\AndroidManifest.xml:50:13-49
	android:windowSoftInputMode
		ADDED from src\main\AndroidManifest.xml:51:13-67
	android:configChanges
		ADDED from src\main\AndroidManifest.xml:49:13-74
	android:theme
		ADDED from src\main\AndroidManifest.xml:48:4-51
	android:name
		ADDED from src\main\AndroidManifest.xml:47:13-52
activity#com.mob.cms.demo.wxapi.WXEntryActivity
ADDED from src\main\AndroidManifest.xml:53:3-57:43
	android:screenOrientation
		ADDED from src\main\AndroidManifest.xml:57:4-40
	android:exported
		ADDED from src\main\AndroidManifest.xml:56:4-27
	android:configChanges
		ADDED from src\main\AndroidManifest.xml:55:4-65
	android:name
		ADDED from src\main\AndroidManifest.xml:54:4-41
meta-data#Mob-AppKey
ADDED from src\main\AndroidManifest.xml:62:3-71
	android:value
		ADDED from src\main\AndroidManifest.xml:62:40-69
	android:name
		ADDED from src\main\AndroidManifest.xml:62:14-39
meta-data#Mob-AppSecret
ADDED from src\main\AndroidManifest.xml:63:3-93
	android:value
		ADDED from src\main\AndroidManifest.xml:63:43-91
	android:name
		ADDED from src\main\AndroidManifest.xml:63:14-42